<?xml version="1.0" encoding="UTF-8"?>
<!-- Generated by org.testng.reporters.JUnitReportReporter -->
<testsuite hostname="Hp" name="git_maven.Close_Browser" tests="1" failures="0" timestamp="23 Feb 2016 06:48:27 GMT" time="0.001" errors="0">
  <testcase name="close" time="0.001" classname="git_maven.Close_Browser"/>
</testsuite> <!-- git_maven.Close_Browser -->
