<?xml version="1.0" encoding="UTF-8"?>
<!-- Generated by org.testng.reporters.JUnitReportReporter -->
<testsuite hostname="Hp" name="git_maven.Open_BrowserTest" tests="1" failures="0" timestamp="23 Feb 2016 06:48:27 GMT" time="0.015" errors="0">
  <testcase name="openBrowser" time="0.015" classname="git_maven.Open_BrowserTest"/>
</testsuite> <!-- git_maven.Open_BrowserTest -->
