<?xml version="1.0" encoding="UTF-8"?>
<!-- Generated by org.testng.reporters.JUnitReportReporter -->
<testsuite hostname="Hp" name="git_maven.Open_BrowserTest" tests="1" failures="0" timestamp="21 Feb 2016 17:27:42 GMT" time="19.013" errors="0">
  <testcase name="openBrowser" time="19.013" classname="git_maven.Open_BrowserTest"/>
</testsuite> <!-- git_maven.Open_BrowserTest -->
